===========================================================
22:40:09 29.01.2022
===========================================================
Git pull from Ansible
Уже обновлено.
Git pull from Bash
Уже обновлено.
Git pull from Docker
Уже обновлено.
Git pull from ELK
Уже обновлено.
Git pull from Git
Уже обновлено.
Git pull from Kubernetes
Уже обновлено.
Git pull from Linux
Уже обновлено.
Git pull from PowerShell
Уже обновлено.
Git pull from Python
Уже обновлено.
Git pull from Terraform
Уже обновлено.
Git pull from Vagrant
Уже обновлено.
